<?xml version="1.0" encoding="UTF-8"?>
<!-- Generated by org.testng.reporters.JUnitReportReporter -->
<testsuite hostname="LAPTOP-OSOD8IJI" failures="0" tests="1" name="TestNGAssignments.AssignmentTestNG" time="4.702" errors="0" timestamp="2023-05-02T09:40:50 IST" skipped="0">
  <testcase classname="TestNGAssignments.AssignmentTestNG" name="verifytextofjavascriptalert" time="4.702"/>
  <system-out/>
</testsuite> <!-- TestNGAssignments.AssignmentTestNG -->
