<?xml version="1.0" encoding="UTF-8"?>
<!-- Generated by org.testng.reporters.JUnitReportReporter -->
<testsuite hostname="LAPTOP-OSOD8IJI" failures="0" tests="1" name="TestNGAssignments.ToolTipVerification$TestNGBasic" time="7.803" errors="0" timestamp="2023-05-02T10:50:15 IST" skipped="0">
  <testcase classname="TestNGAssignments.ToolTipVerification$TestNGBasic" name="verifytooltipofbuttons" time="7.803"/>
  <system-out/>
</testsuite> <!-- TestNGAssignments.ToolTipVerification$TestNGBasic -->
