<?xml version="1.0" encoding="UTF-8"?>
<!-- Generated by org.testng.reporters.JUnitReportReporter -->
<testsuite hostname="LAPTOP-OSOD8IJI" failures="0" tests="1" name="TestNGAssignments.SoftAssertExample" time="8.947" errors="0" timestamp="2023-05-02T09:00:02 IST" skipped="0">
  <testcase classname="TestNGAssignments.SoftAssertExample" name="verifytextofoptions" time="8.947"/>
  <system-out/>
</testsuite> <!-- TestNGAssignments.SoftAssertExample -->
