<?xml version="1.0" encoding="UTF-8"?>
<!-- Generated by org.testng.reporters.JUnitReportReporter -->
<testsuite hostname="LAPTOP-OSOD8IJI" failures="0" tests="1" name="TestNGAssignments.SoftAssertOnCss$SoftAssertExample" time="5.389" errors="0" timestamp="2023-05-02T10:11:10 IST" skipped="0">
  <testcase classname="TestNGAssignments.SoftAssertOnCss$SoftAssertExample" name="verifycolorofalertbutton" time="5.389"/>
  <system-out/>
</testsuite> <!-- TestNGAssignments.SoftAssertOnCss$SoftAssertExample -->
